<?xml version="1.0" encoding="UTF-8"?>
<!-- Generated by org.testng.reporters.JUnitXMLReporter -->
<testsuite hostname="LP-PF01J4V4" ignored="0" name="Surefire test" tests="2" failures="1" timestamp="07 Jun 2018 11:54:46 GMT" time="18.753" errors="0">
  <testcase name="feature" time="16.938" classname="cucumber.api.testng.AbstractTestNGCucumberTests">
    <failure type="cucumber.runtime.CucumberException" message="java.lang.AssertionError: expected [Pega Platform] but found [Pega Designer Studio]">
      <![CDATA[cucumber.runtime.CucumberException: java.lang.AssertionError: expected [Pega Platform] but found [Pega Designer Studio]at cucumber.api.testng.TestNGCucumberRunner.runCucumber(TestNGCucumberRunner.java:69)at cucumber.api.testng.AbstractTestNGCucumberTests.feature(AbstractTestNGCucumberTests.java:21)Caused by: java.lang.AssertionError: expected [Pega Platform] but found [Pega Designer Studio]at com.pega.qa.stepDefinitions.PegaPostDeploySteps.user_is_on_Pega_home_page(PegaPostDeploySteps.java:65)at ✽.Then user is on Pega home page(PegaPostDeploy.feature:9)... Removed 36 stack frames]]>
    </failure>
  </testcase> <!-- feature -->
  <testcase name="writeExtentReport" time="0.008" classname="com.pega.qa.testRunner.TestRunner"/>
</testsuite> <!-- Surefire test -->
