<?xml version="1.0" encoding="UTF-8"?>
<testng-results skipped="0" failed="0" ignored="0" total="2" passed="2">
  <reporter-output>
  </reporter-output>
  <suite name="Default suite" duration-ms="40452" started-at="2018-06-07T08:50:02Z" finished-at="2018-06-07T08:50:42Z">
    <groups>
      <group name="cucumber">
        <method signature="AbstractTestNGCucumberTests.feature(cucumber.api.testng.CucumberFeatureWrapper)[pri:0, instance:com.pega.qa.testRunner.TestRunner@2fd66ad3]" name="feature" class="cucumber.api.testng.AbstractTestNGCucumberTests"/>
      </group> <!-- cucumber -->
    </groups>
    <test name="Default test" duration-ms="40452" started-at="2018-06-07T08:50:02Z" finished-at="2018-06-07T08:50:42Z">
      <class name="com.pega.qa.testRunner.TestRunner">
        <test-method status="PASS" signature="setUpClass()[pri:0, instance:com.pega.qa.testRunner.TestRunner@2fd66ad3]" name="setUpClass" is-config="true" duration-ms="272" started-at="2018-06-07T14:20:02Z" finished-at="2018-06-07T14:20:02Z">
          <reporter-output>
          </reporter-output>
        </test-method> <!-- setUpClass -->
        <test-method status="PASS" signature="feature(cucumber.api.testng.CucumberFeatureWrapper)[pri:0, instance:com.pega.qa.testRunner.TestRunner@2fd66ad3]" name="feature" duration-ms="39641" started-at="2018-06-07T14:20:02Z" description="Runs Cucumber Feature" data-provider="features" finished-at="2018-06-07T14:20:42Z">
          <params>
            <param index="0">
              <value>
                <![CDATA[Pega UI Login, Enable Help & SysAdmin apps]]>
              </value>
            </param>
          </params>
          <reporter-output>
          </reporter-output>
        </test-method> <!-- feature -->
        <test-method status="PASS" signature="writeExtentReport()[pri:0, instance:com.pega.qa.testRunner.TestRunner@2fd66ad3]" name="writeExtentReport" duration-ms="37" started-at="2018-06-07T14:20:42Z" finished-at="2018-06-07T14:20:42Z">
          <reporter-output>
          </reporter-output>
        </test-method> <!-- writeExtentReport -->
        <test-method status="PASS" signature="tearDownClass()[pri:0, instance:com.pega.qa.testRunner.TestRunner@2fd66ad3]" name="tearDownClass" is-config="true" duration-ms="358" started-at="2018-06-07T14:20:42Z" finished-at="2018-06-07T14:20:42Z">
          <reporter-output>
          </reporter-output>
        </test-method> <!-- tearDownClass -->
      </class> <!-- com.pega.qa.testRunner.TestRunner -->
    </test> <!-- Default test -->
  </suite> <!-- Default suite -->
</testng-results>
